#
# There is insufficient memory for the Java Runtime Environment to continue.
# Native memory allocation (malloc) failed to allocate 1048576 bytes. Error detail: AllocateHeap
# Possible reasons:
#   The system is out of physical RAM or swap space
#   This process is running with CompressedOops enabled, and the Java Heap may be blocking the growth of the native heap
# Possible solutions:
#   Reduce memory load on the system
#   Increase physical memory or swap space
#   Check if swap backing store is full
#   Decrease Java heap size (-Xmx/-Xms)
#   Decrease number of Java threads
#   Decrease Java thread stack sizes (-Xss)
#   Set larger code cache with -XX:ReservedCodeCacheSize=
#   JVM is running with Unscaled Compressed Oops mode in which the Java heap is
#     placed in the first 4GB address space. The Java Heap base address is the
#     maximum limit for the native heap growth. Please use -XX:HeapBaseMinAddress
#     to set the Java Heap base and to place the Java Heap above 4GB virtual address.
# This output file may be truncated or incomplete.
#
#  Out of Memory Error (allocation.cpp:44), pid=16260, tid=3592
#
# JRE version:  (21.0.6+7) (build )
# Java VM: OpenJDK 64-Bit Server VM (21.0.6+7-LTS, mixed mode, sharing, tiered, compressed oops, compressed class ptrs, parallel gc, windows-amd64)
# No core dump will be written. Minidumps are not enabled by default on client versions of Windows
#

---------------  S U M M A R Y ------------

Command Line: --add-modules=ALL-SYSTEM --add-opens=java.base/java.util=ALL-UNNAMED --add-opens=java.base/java.lang=ALL-UNNAMED --add-opens=java.base/sun.nio.fs=ALL-UNNAMED -Declipse.application=org.eclipse.jdt.ls.core.id1 -Dosgi.bundles.defaultStartLevel=4 -Declipse.product=org.eclipse.jdt.ls.core.product -Djava.import.generatesMetadataFilesAtProjectRoot=false -DDetectVMInstallationsJob.disabled=true -Dfile.encoding=utf8 -XX:+UseParallelGC -XX:GCTimeRatio=4 -XX:AdaptiveSizePolicyWeight=90 -Dsun.zip.disableMemoryMapping=true -Xmx1G -Xms100m -Xlog:disable -javaagent:c:\Users\Administrator\.cursor\extensions\redhat.java-1.40.0-win32-x64\lombok\lombok-1.18.36.jar -XX:+HeapDumpOnOutOfMemoryError -XX:HeapDumpPath=c:\Users\Administrator\AppData\Roaming\Cursor\User\workspaceStorage\de222ea27f7041e4020ea9d565a324ed\redhat.java -Daether.dependencyCollector.impl=bf c:\Users\Administrator\.cursor\extensions\redhat.java-1.40.0-win32-x64\server\plugins\org.eclipse.equinox.launcher_1.6.1000.v20250131-0606.jar -configuration c:\Users\Administrator\AppData\Roaming\Cursor\User\globalStorage\redhat.java\1.40.0\config_win -data c:\Users\Administrator\AppData\Roaming\Cursor\User\workspaceStorage\de222ea27f7041e4020ea9d565a324ed\redhat.java\jdt_ws --pipe=\\.\pipe\lsp-4dbe2c675c1270dc89933f352c566c1d-sock

Host: 13th Gen Intel(R) Core(TM) i5-13500H, 16 cores, 15G,  Windows 10 , 64 bit Build 19041 (10.0.19041.804)
Time: Tue Mar 11 13:13:02 2025  Windows 10 , 64 bit Build 19041 (10.0.19041.804) elapsed time: 0.032036 seconds (0d 0h 0m 0s)

---------------  T H R E A D  ---------------

Current thread (0x000001b6e2d9b160):  JavaThread "Unknown thread" [_thread_in_vm, id=3592, stack(0x0000009824900000,0x0000009824a00000) (1024K)]

Stack: [0x0000009824900000,0x0000009824a00000]
Native frames: (J=compiled Java code, j=interpreted, Vv=VM code, C=native code)
V  [jvm.dll+0x6cdee9]
V  [jvm.dll+0x8a83d1]
V  [jvm.dll+0x8aa8fe]
V  [jvm.dll+0x8aafe3]
V  [jvm.dll+0x27f706]
V  [jvm.dll+0xbfb37]
V  [jvm.dll+0x7022d0]
V  [jvm.dll+0x702e3c]
V  [jvm.dll+0x6dcc13]
V  [jvm.dll+0x871cdc]
V  [jvm.dll+0x3bc2dc]
V  [jvm.dll+0x85a868]
V  [jvm.dll+0x45066e]
V  [jvm.dll+0x4522b1]
C  [jli.dll+0x5278]
C  [ucrtbase.dll+0x21bb2]
C  [KERNEL32.DLL+0x17034]
C  [ntdll.dll+0x52651]


---------------  P R O C E S S  ---------------

Threads class SMR info:
_java_thread_list=0x000001b6f7020230, length=1, elements={
0x000001b6e2d9b160
}

Java Threads: ( => current thread )
=>0x000001b6e2d9b160 JavaThread "Unknown thread"             [_thread_in_vm, id=3592, stack(0x0000009824900000,0x0000009824a00000) (1024K)]
Total: 1

Other Threads:
  0x000001b6f7021bc0 WatcherThread "VM Periodic Task Thread"        [id=16556, stack(0x0000009824b00000,0x0000009824c00000) (1024K)]
  0x000001b6e2db9a80 WorkerThread "GC Thread#0"                     [id=3132, stack(0x0000009824a00000,0x0000009824b00000) (1024K)]
Total: 2

Threads with active compile tasks:
Total: 0

VM state: not at safepoint (normal execution)

VM Mutex/Monitor currently owned by a thread: None

Heap address: 0x00000000c0000000, size: 1024 MB, Compressed Oops mode: 32-bit

CDS archive(s) mapped at: [0x000001b680000000-0x000001b680ba0000-0x000001b680ba0000), size 12189696, SharedBaseAddress: 0x000001b680000000, ArchiveRelocationMode: 1.
Compressed class space mapped at: 0x000001b681000000-0x000001b6c1000000, reserved size: 1073741824
Narrow klass base: 0x000001b680000000, Narrow klass shift: 0, Narrow klass range: 0x100000000

GC Precious Log:
 CardTable entry size: 512
 CPUs: 16 total, 16 available
 Memory: 16108M
 Large Page Support: Disabled
 NUMA Support: Disabled
 Compressed Oops: Enabled (32-bit)
 Alignments: Space 512K, Generation 512K, Heap 2M
 Heap Min Capacity: 100M
 Heap Initial Capacity: 100M
 Heap Max Capacity: 1G
 Pre-touch: Disabled
 Parallel Workers: 13

Heap:
 PSYoungGen      total 29696K, used 512K [0x00000000eab00000, 0x00000000ecc00000, 0x0000000100000000)
  eden space 25600K, 2% used [0x00000000eab00000,0x00000000eab80020,0x00000000ec400000)
  from space 4096K, 0% used [0x00000000ec800000,0x00000000ec800000,0x00000000ecc00000)
  to   space 4096K, 0% used [0x00000000ec400000,0x00000000ec400000,0x00000000ec800000)
 ParOldGen       total 68608K, used 0K [0x00000000c0000000, 0x00000000c4300000, 0x00000000eab00000)
  object space 68608K, 0% used [0x00000000c0000000,0x00000000c0000000,0x00000000c4300000)
 Metaspace       used 0K, committed 0K, reserved 1048576K
  class space    used 0K, committed 0K, reserved 1048576K

Card table byte_map: [0x000001b6e2750000,0x000001b6e2960000] _byte_map_base: 0x000001b6e2150000

Marking Bits: (ParMarkBitMap*) 0x00007ff88d923260
 Begin Bits: [0x000001b6f4fa0000, 0x000001b6f5fa0000)
 End Bits:   [0x000001b6f5fa0000, 0x000001b6f6fa0000)

Polling page: 0x000001b6e0a50000

Metaspace:

Usage:
  Non-class:      0 bytes used.
      Class:      0 bytes used.
       Both:      0 bytes used.

Virtual space:
  Non-class space:        0 bytes reserved,       0 bytes (  ?%) committed,  0 nodes.
      Class space:        1.00 GB reserved,       0 bytes (  0%) committed,  1 nodes.
             Both:        1.00 GB reserved,       0 bytes (  0%) committed. 

Chunk freelists:
   Non-Class:  0 bytes
       Class:  16.00 MB
        Both:  16.00 MB

MaxMetaspaceSize: unlimited
CompressedClassSpaceSize: 1.00 GB
Initial GC threshold: 21.00 MB
Current GC threshold: 17179869184.00 GB
CDS: on
 - commit_granule_bytes: 65536.
 - commit_granule_words: 8192.
 - virtual_space_node_default_size: 8388608.
 - enlarge_chunks_in_place: 1.
 - use_allocation_guard: 0.


Internal statistics:

num_allocs_failed_limit: 0.
num_arena_births: 0.
num_arena_deaths: 0.
num_vsnodes_births: 1.
num_vsnodes_deaths: 0.
num_space_committed: 0.
num_space_uncommitted: 0.
num_chunks_returned_to_freelist: 0.
num_chunks_taken_from_freelist: 1.
num_chunk_merges: 0.
num_chunk_splits: 1.
num_chunks_enlarged: 0.
num_inconsistent_stats: 0.

CodeHeap 'non-profiled nmethods': size=119168Kb used=0Kb max_used=0Kb free=119168Kb
 bounds [0x000001b6edb40000, 0x000001b6eddb0000, 0x000001b6f4fa0000]
CodeHeap 'profiled nmethods': size=119104Kb used=0Kb max_used=0Kb free=119104Kb
 bounds [0x000001b6e5fa0000, 0x000001b6e6210000, 0x000001b6ed3f0000]
CodeHeap 'non-nmethods': size=7488Kb used=194Kb max_used=342Kb free=7293Kb
 bounds [0x000001b6ed3f0000, 0x000001b6ed660000, 0x000001b6edb40000]
 total_blobs=70 nmethods=0 adapters=48
 compilation: enabled
              stopped_count=0, restarted_count=0
 full_count=0

Compilation events (0 events):
No events

GC Heap History (0 events):
No events

Dll operation events (1 events):
Event: 0.007 Loaded shared library c:\Users\Administrator\.cursor\extensions\redhat.java-1.40.0-win32-x64\jre\21.0.6-win32-x86_64\bin\java.dll

Deoptimization events (0 events):
No events

Classes loaded (0 events):
No events

Classes unloaded (0 events):
No events

Classes redefined (0 events):
No events

Internal exceptions (0 events):
No events

ZGC Phase Switch (0 events):
No events

VM Operations (0 events):
No events

Memory protections (0 events):
No events

Nmethod flushes (0 events):
No events

Events (1 events):
Event: 0.026 Thread 0x000001b6e2d9b160 Thread added: 0x000001b6e2d9b160


Dynamic libraries:
0x00007ff6705d0000 - 0x00007ff6705de000 	c:\Users\Administrator\.cursor\extensions\redhat.java-1.40.0-win32-x64\jre\21.0.6-win32-x86_64\bin\java.exe
0x00007ff8e79d0000 - 0x00007ff8e7bc5000 	C:\Windows\SYSTEM32\ntdll.dll
0x00007ff8e6b40000 - 0x00007ff8e6bfd000 	C:\Windows\System32\KERNEL32.DLL
0x00007ff8e51c0000 - 0x00007ff8e5488000 	C:\Windows\System32\KERNELBASE.dll
0x00007ff8e5780000 - 0x00007ff8e5880000 	C:\Windows\System32\ucrtbase.dll
0x00007ff8b9df0000 - 0x00007ff8b9e0e000 	c:\Users\Administrator\.cursor\extensions\redhat.java-1.40.0-win32-x64\jre\21.0.6-win32-x86_64\bin\VCRUNTIME140.dll
0x00007ff8b9dd0000 - 0x00007ff8b9de8000 	c:\Users\Administrator\.cursor\extensions\redhat.java-1.40.0-win32-x64\jre\21.0.6-win32-x86_64\bin\jli.dll
0x00007ff8e6c00000 - 0x00007ff8e6da0000 	C:\Windows\System32\USER32.dll
0x00007ff8e5a00000 - 0x00007ff8e5a22000 	C:\Windows\System32\win32u.dll
0x00007ff8c1e20000 - 0x00007ff8c20ba000 	C:\Windows\WinSxS\amd64_microsoft.windows.common-controls_6595b64144ccf1df_6.0.19041.844_none_ca00b6081b84eb1d\COMCTL32.dll
0x00007ff8e7760000 - 0x00007ff8e778a000 	C:\Windows\System32\GDI32.dll
0x00007ff8e5670000 - 0x00007ff8e577b000 	C:\Windows\System32\gdi32full.dll
0x00007ff8e6a90000 - 0x00007ff8e6b2e000 	C:\Windows\System32\msvcrt.dll
0x00007ff8e58e0000 - 0x00007ff8e597d000 	C:\Windows\System32\msvcp_win.dll
0x00007ff8e69a0000 - 0x00007ff8e69d0000 	C:\Windows\System32\IMM32.DLL
0x00007ff8beaa0000 - 0x00007ff8beaac000 	c:\Users\Administrator\.cursor\extensions\redhat.java-1.40.0-win32-x64\jre\21.0.6-win32-x86_64\bin\vcruntime140_1.dll
0x00007ff8b9ad0000 - 0x00007ff8b9b5d000 	c:\Users\Administrator\.cursor\extensions\redhat.java-1.40.0-win32-x64\jre\21.0.6-win32-x86_64\bin\msvcp140.dll
0x00007ff88cc70000 - 0x00007ff88da00000 	c:\Users\Administrator\.cursor\extensions\redhat.java-1.40.0-win32-x64\jre\21.0.6-win32-x86_64\bin\server\jvm.dll
0x00007ff8e7100000 - 0x00007ff8e71ac000 	C:\Windows\System32\ADVAPI32.dll
0x00007ff8e6780000 - 0x00007ff8e681b000 	C:\Windows\System32\sechost.dll
0x00007ff8e7860000 - 0x00007ff8e798b000 	C:\Windows\System32\RPCRT4.dll
0x00007ff8e5c80000 - 0x00007ff8e5ceb000 	C:\Windows\System32\WS2_32.dll
0x00007ff8e4700000 - 0x00007ff8e474b000 	C:\Windows\SYSTEM32\POWRPROF.dll
0x00007ff8d35f0000 - 0x00007ff8d3617000 	C:\Windows\SYSTEM32\WINMM.dll
0x00007ff8d6740000 - 0x00007ff8d674a000 	C:\Windows\SYSTEM32\VERSION.dll
0x00007ff8e4570000 - 0x00007ff8e4582000 	C:\Windows\SYSTEM32\UMPDC.dll
0x00007ff8e3a10000 - 0x00007ff8e3a22000 	C:\Windows\SYSTEM32\kernel.appcore.dll
0x00007ff8bad30000 - 0x00007ff8bad3a000 	c:\Users\Administrator\.cursor\extensions\redhat.java-1.40.0-win32-x64\jre\21.0.6-win32-x86_64\bin\jimage.dll
0x00007ff8e2db0000 - 0x00007ff8e2f94000 	C:\Windows\SYSTEM32\DBGHELP.DLL
0x00007ff8cc100000 - 0x00007ff8cc12c000 	C:\Windows\SYSTEM32\dbgcore.DLL
0x00007ff8e5980000 - 0x00007ff8e5a00000 	C:\Windows\System32\bcryptPrimitives.dll
0x00007ff8ba990000 - 0x00007ff8ba99f000 	c:\Users\Administrator\.cursor\extensions\redhat.java-1.40.0-win32-x64\jre\21.0.6-win32-x86_64\bin\instrument.dll
0x00007ff8b9db0000 - 0x00007ff8b9dcf000 	c:\Users\Administrator\.cursor\extensions\redhat.java-1.40.0-win32-x64\jre\21.0.6-win32-x86_64\bin\java.dll

dbghelp: loaded successfully - version: 4.0.5 - missing functions: none
symbol engine: initialized successfully - sym options: 0x614 - pdb path: .;c:\Users\Administrator\.cursor\extensions\redhat.java-1.40.0-win32-x64\jre\21.0.6-win32-x86_64\bin;C:\Windows\SYSTEM32;C:\Windows\WinSxS\amd64_microsoft.windows.common-controls_6595b64144ccf1df_6.0.19041.844_none_ca00b6081b84eb1d;c:\Users\Administrator\.cursor\extensions\redhat.java-1.40.0-win32-x64\jre\21.0.6-win32-x86_64\bin\server

VM Arguments:
jvm_args: --add-modules=ALL-SYSTEM --add-opens=java.base/java.util=ALL-UNNAMED --add-opens=java.base/java.lang=ALL-UNNAMED --add-opens=java.base/sun.nio.fs=ALL-UNNAMED -Declipse.application=org.eclipse.jdt.ls.core.id1 -Dosgi.bundles.defaultStartLevel=4 -Declipse.product=org.eclipse.jdt.ls.core.product -Djava.import.generatesMetadataFilesAtProjectRoot=false -DDetectVMInstallationsJob.disabled=true -Dfile.encoding=utf8 -XX:+UseParallelGC -XX:GCTimeRatio=4 -XX:AdaptiveSizePolicyWeight=90 -Dsun.zip.disableMemoryMapping=true -Xmx1G -Xms100m -Xlog:disable -javaagent:c:\Users\Administrator\.cursor\extensions\redhat.java-1.40.0-win32-x64\lombok\lombok-1.18.36.jar -XX:+HeapDumpOnOutOfMemoryError -XX:HeapDumpPath=c:\Users\Administrator\AppData\Roaming\Cursor\User\workspaceStorage\de222ea27f7041e4020ea9d565a324ed\redhat.java -Daether.dependencyCollector.impl=bf 
java_command: c:\Users\Administrator\.cursor\extensions\redhat.java-1.40.0-win32-x64\server\plugins\org.eclipse.equinox.launcher_1.6.1000.v20250131-0606.jar -configuration c:\Users\Administrator\AppData\Roaming\Cursor\User\globalStorage\redhat.java\1.40.0\config_win -data c:\Users\Administrator\AppData\Roaming\Cursor\User\workspaceStorage\de222ea27f7041e4020ea9d565a324ed\redhat.java\jdt_ws --pipe=\\.\pipe\lsp-4dbe2c675c1270dc89933f352c566c1d-sock
java_class_path (initial): c:\Users\Administrator\.cursor\extensions\redhat.java-1.40.0-win32-x64\server\plugins\org.eclipse.equinox.launcher_1.6.1000.v20250131-0606.jar
Launcher Type: SUN_STANDARD

[Global flags]
    uintx AdaptiveSizePolicyWeight                 = 90                                        {product} {command line}
     intx CICompilerCount                          = 12                                        {product} {ergonomic}
    uintx GCTimeRatio                              = 4                                         {product} {command line}
     bool HeapDumpOnOutOfMemoryError               = true                                   {manageable} {command line}
    ccstr HeapDumpPath                             = c:\Users\Administrator\AppData\Roaming\Cursor\User\workspaceStorage\de222ea27f7041e4020ea9d565a324ed\redhat.java         {manageable} {command line}
   size_t InitialHeapSize                          = 104857600                                 {product} {command line}
   size_t MaxHeapSize                              = 1073741824                                {product} {command line}
   size_t MaxNewSize                               = 357564416                                 {product} {ergonomic}
   size_t MinHeapDeltaBytes                        = 524288                                    {product} {ergonomic}
   size_t MinHeapSize                              = 104857600                                 {product} {command line}
   size_t NewSize                                  = 34603008                                  {product} {ergonomic}
    uintx NonNMethodCodeHeapSize                   = 7602480                                {pd product} {ergonomic}
    uintx NonProfiledCodeHeapSize                  = 122027880                              {pd product} {ergonomic}
   size_t OldSize                                  = 70254592                                  {product} {ergonomic}
    uintx ProfiledCodeHeapSize                     = 122027880                              {pd product} {ergonomic}
    uintx ReservedCodeCacheSize                    = 251658240                              {pd product} {ergonomic}
     bool SegmentedCodeCache                       = true                                      {product} {ergonomic}
   size_t SoftMaxHeapSize                          = 1073741824                             {manageable} {ergonomic}
     bool UseCompressedOops                        = true                           {product lp64_product} {ergonomic}
     bool UseLargePagesIndividualAllocation        = false                                  {pd product} {ergonomic}
     bool UseParallelGC                            = true                                      {product} {command line}

Logging:
Log output configuration:
 #0: stdout all=off uptime,level,tags foldmultilines=false
 #1: stderr all=off uptime,level,tags foldmultilines=false

Environment Variables:
JAVA_HOME=D:\Dev\Java\jdk1.8.0_211
CLASSPATH=.;D:\Dev\Java\jdk1.8.0_211\lib;D:\Dev\Java\jdk1.8.0_211\lib\dt.jar;D:\Dev\Java\jdk1.8.0_211\lib\tools.jar;D:\develop\OpenSSL-Win64\bin
PATH=D:\develop\vm_all\vm\bin\;C:\Program Files (x86)\Common Files\Oracle\Java\javapath;C:\Windows\system32;C:\Windows;C:\Windows\System32\Wbem;C:\Windows\System32\WindowsPowerShell\v1.0\;D:\Dev\Java\jdk1.8.0_211\bin;D:\Dev\Java\jdk1.8.0_211\jre\bin;D:\Dev\Git\cmd;D:\Dev\Microsoft VS Code\bin;D:\developYuanTong\apache-maven-3.2.5\bin;C:\Program Files\dotnet\;D:\360Downloads\;D:\develop\nodejs\;D:\develop\mongoDb\bin;C:\Users\Administrator\AppData\Local\Microsoft\WindowsApps;D:\develop\Fiddler;D:\develop\nodejs\node_global
USERNAME=Administrator
OS=Windows_NT
PROCESSOR_IDENTIFIER=Intel64 Family 6 Model 186 Stepping 2, GenuineIntel
TMP=C:\Users\ADMINI~1\AppData\Local\Temp
TEMP=C:\Users\ADMINI~1\AppData\Local\Temp




Periodic native trim disabled

---------------  S Y S T E M  ---------------

OS:
 Windows 10 , 64 bit Build 19041 (10.0.19041.804)
OS uptime: 4 days 20:08 hours

CPU: total 16 (initial active 16) (16 cores per cpu, 1 threads per core) family 6 model 186 stepping 2 microcode 0x410e, cx8, cmov, fxsr, mmx, 3dnowpref, sse, sse2, sse3, ssse3, sse4.1, sse4.2, popcnt, lzcnt, tsc, tscinvbit, avx, avx2, aes, erms, clmul, bmi1, bmi2, adx, sha, fma, vzeroupper, clflush, clflushopt, clwb, serialize, rdtscp, rdpid, fsrm, f16c, pku, cet_ibt, cet_ss
Processor Information for the first 16 processors :
  Max Mhz: 2600, Current Mhz: 2600, Mhz Limit: 2600

Memory: 4k page, system-wide physical 16108M (1426M free)
TotalPageFile size 19398M (AvailPageFile size 2M)
current process WorkingSet (physical memory assigned to process): 23M, peak: 23M
current process commit charge ("private bytes"): 159M, peak: 160M

vm_info: OpenJDK 64-Bit Server VM (21.0.6+7-LTS) for windows-amd64 JRE (21.0.6+7-LTS), built on 2025-01-21T00:00:00Z by "admin" with MS VC++ 17.7 (VS2022)

END.
